[debug] [2022-02-17T02:50:26.738Z] ----------------------------------------------------------------------
[debug] [2022-02-17T02:50:26.739Z] Command:       /Users/grayson/.nvm/versions/node/v16.13.2/bin/node /Users/grayson/Code/Digital-Garden/node_modules/.bin/firebase emulators:start --project development
[debug] [2022-02-17T02:50:26.739Z] CLI Version:   10.2.0
[debug] [2022-02-17T02:50:26.739Z] Platform:      darwin
[debug] [2022-02-17T02:50:26.739Z] Node Version:  v16.13.2
[debug] [2022-02-17T02:50:26.740Z] Time:          Wed Feb 16 2022 20:50:26 GMT-0600 (Central Standard Time)
[debug] [2022-02-17T02:50:26.740Z] ----------------------------------------------------------------------
[debug] 
[debug] [2022-02-17T02:50:26.776Z] > command requires scopes: ["email","openid","https://www.googleapis.com/auth/cloudplatformprojects.readonly","https://www.googleapis.com/auth/firebase","https://www.googleapis.com/auth/cloud-platform"]
[debug] [2022-02-17T02:50:26.776Z] > authorizing via signed-in user (grayson.ricketts@gmail.com)
[info] i  emulators: Starting emulators: auth, database {"metadata":{"emulator":{"name":"hub"},"message":"Starting emulators: auth, database"}}
[info] i  emulators: Detected demo project ID "demo-digital-garden-55eda", emulated services will use a demo configuration and attempts to access non-emulated services for this project will fail. {"metadata":{"emulator":{"name":"hub"},"message":"Detected demo project ID \"demo-digital-garden-55eda\", emulated services will use a demo configuration and attempts to access non-emulated services for this project will fail."}}
[debug] [2022-02-17T02:50:26.800Z] [hub] writing locator at /var/folders/nn/l5752_4928363rs8fq8r06mm0000gn/T/hub-demo-digital-garden-55eda.json
[debug] [2022-02-17T02:50:26.809Z] >>> [apiv2][query] GET https://firebase.googleapis.com/v1beta1/projects/demo-digital-garden-55eda [none]
[debug] [2022-02-17T02:50:27.069Z] <<< [apiv2][status] GET https://firebase.googleapis.com/v1beta1/projects/demo-digital-garden-55eda 403
[debug] [2022-02-17T02:50:27.069Z] <<< [apiv2][body] GET https://firebase.googleapis.com/v1beta1/projects/demo-digital-garden-55eda {"error":{"code":403,"message":"The caller does not have permission","status":"PERMISSION_DENIED"}}
[debug] [2022-02-17T02:50:27.070Z] HTTP Error: 403, The caller does not have permission
[debug] [2022-02-17T02:50:27.070Z] Failed to retrieve default database instance: {"name":"FirebaseError","children":[],"exit":2,"message":"Failed to get Firebase project demo-digital-garden-55eda. Please make sure the project exists and your account has permission to access it.","original":{"name":"FirebaseError","children":[],"context":{"body":{"error":{"code":403,"message":"The caller does not have permission","status":"PERMISSION_DENIED"}},"response":{"statusCode":403}},"exit":1,"message":"HTTP Error: 403, The caller does not have permission","status":403},"status":500} {"metadata":{"emulator":{"name":"database"},"message":"Failed to retrieve default database instance: {\"name\":\"FirebaseError\",\"children\":[],\"exit\":2,\"message\":\"Failed to get Firebase project demo-digital-garden-55eda. Please make sure the project exists and your account has permission to access it.\",\"original\":{\"name\":\"FirebaseError\",\"children\":[],\"context\":{\"body\":{\"error\":{\"code\":403,\"message\":\"The caller does not have permission\",\"status\":\"PERMISSION_DENIED\"}},\"response\":{\"statusCode\":403}},\"exit\":1,\"message\":\"HTTP Error: 403, The caller does not have permission\",\"status\":403},\"status\":500}"}}
[debug] [2022-02-17T02:50:27.070Z] database rules config:  [{"instance":"demo-digital-garden-55eda-default-rtdb","rules":"/Users/grayson/Code/Digital-Garden/app/db/database.rules.json"}]
[debug] [2022-02-17T02:50:27.074Z] Ignoring unsupported arg: projectId {"metadata":{"emulator":{"name":"database"},"message":"Ignoring unsupported arg: projectId"}}
[debug] [2022-02-17T02:50:27.074Z] Ignoring unsupported arg: auto_download {"metadata":{"emulator":{"name":"database"},"message":"Ignoring unsupported arg: auto_download"}}
[debug] [2022-02-17T02:50:27.074Z] Ignoring unsupported arg: rules {"metadata":{"emulator":{"name":"database"},"message":"Ignoring unsupported arg: rules"}}
[debug] [2022-02-17T02:50:27.074Z] Starting Database Emulator with command {"binary":"java","args":["-Duser.language=en","-jar","/Users/grayson/.cache/firebase/emulators/firebase-database-emulator-v4.7.3.jar","--host","localhost","--port",9000],"optionalArgs":["port","host","functions_emulator_port","functions_emulator_host"],"joinArgs":false} {"metadata":{"emulator":{"name":"database"},"message":"Starting Database Emulator with command {\"binary\":\"java\",\"args\":[\"-Duser.language=en\",\"-jar\",\"/Users/grayson/.cache/firebase/emulators/firebase-database-emulator-v4.7.3.jar\",\"--host\",\"localhost\",\"--port\",9000],\"optionalArgs\":[\"port\",\"host\",\"functions_emulator_port\",\"functions_emulator_host\"],\"joinArgs\":false}"}}
[info] i  database: Database Emulator logging to database-debug.log {"metadata":{"emulator":{"name":"database"},"message":"Database Emulator logging to \u001b[1mdatabase-debug.log\u001b[22m"}}
[debug] [2022-02-17T02:50:27.635Z] 20:50:27.635 [NamespaceSystem-akka.actor.default-dispatcher-4] INFO akka.event.slf4j.Slf4jLogger - Slf4jLogger started
 {"metadata":{"emulator":{"name":"database"},"message":"20:50:27.635 [NamespaceSystem-akka.actor.default-dispatcher-4] INFO akka.event.slf4j.Slf4jLogger - Slf4jLogger started\n"}}
[debug] [2022-02-17T02:50:27.696Z] 20:50:27.696 [main] INFO com.firebase.server.forge.App$ - Listening at localhost:9000
 {"metadata":{"emulator":{"name":"database"},"message":"20:50:27.696 [main] INFO com.firebase.server.forge.App$ - Listening at localhost:9000\n"}}
[debug] [2022-02-17T02:50:30.576Z] Ignoring unsupported arg: auto_download {"metadata":{"emulator":{"name":"ui"},"message":"Ignoring unsupported arg: auto_download"}}
[debug] [2022-02-17T02:50:30.576Z] Ignoring unsupported arg: port {"metadata":{"emulator":{"name":"ui"},"message":"Ignoring unsupported arg: port"}}
[debug] [2022-02-17T02:50:30.577Z] Starting Emulator UI with command {"binary":"node","args":["/Users/grayson/.cache/firebase/emulators/ui-v1.6.4/server.bundle.js"],"optionalArgs":[],"joinArgs":false} {"metadata":{"emulator":{"name":"ui"},"message":"Starting Emulator UI with command {\"binary\":\"node\",\"args\":[\"/Users/grayson/.cache/firebase/emulators/ui-v1.6.4/server.bundle.js\"],\"optionalArgs\":[],\"joinArgs\":false}"}}
[info] i  ui: Emulator UI logging to ui-debug.log {"metadata":{"emulator":{"name":"ui"},"message":"Emulator UI logging to \u001b[1mui-debug.log\u001b[22m"}}
[debug] [2022-02-17T02:50:30.628Z] Web / API server started at localhost:4000
 {"metadata":{"emulator":{"name":"ui"},"message":"Web / API server started at localhost:4000\n"}}
[debug] [2022-02-17T02:50:30.839Z] >>> HTTP REQUEST PUT http://localhost:9000/.settings/rules.json?ns=demo-digital-garden-55eda-default-rtdb  
 {
  "rules": {
    ".read": false,
    ".write": false
  }
}
[debug] [2022-02-17T02:50:31.010Z] <<< HTTP RESPONSE 200 {"content-length":"15","content-type":"application/json; charset=utf-8","access-control-allow-origin":"*","cache-control":"no-cache","x-firebase-project-id":"demo-digital-garden-55eda-default-rtdb","x-firebase-project-number":"123456789","x-firebase-uuid":"f040a5d3-1b09-4e8b-8e5a-a55c8bb7ae3e"}
[info] 
┌─────────────────────────────────────────────────────────────┐
│ ✔  All emulators ready! It is now safe to connect your app. │
│ i  View Emulator UI at http://localhost:4000                │
└─────────────────────────────────────────────────────────────┘

┌────────────────┬────────────────┬────────────────────────────────┐
│ Emulator       │ Host:Port      │ View in Emulator UI            │
├────────────────┼────────────────┼────────────────────────────────┤
│ Authentication │ localhost:9099 │ http://localhost:4000/auth     │
├────────────────┼────────────────┼────────────────────────────────┤
│ Database       │ localhost:9000 │ http://localhost:4000/database │
└────────────────┴────────────────┴────────────────────────────────┘
  Emulator Hub running at localhost:4400
  Other reserved ports: 4500

Issues? Report them at https://github.com/firebase/firebase-tools/issues and attach the *-debug.log files.
 
